<?xml version="1.0" encoding="UTF-8"?>
<testsuite xmlns:xsi="http://www.w3.org/2001/XMLSchema-instance" xsi:noNamespaceSchemaLocation="https://maven.apache.org/surefire/maven-surefire-plugin/xsd/surefire-test-report.xsd" version="3.0.2" name="com.example.produtosapi.ProdutosapiApplicationTests" time="19.077" tests="1" errors="0" skipped="0" failures="0">
  <properties>
[...]
</properties>
  <testcase name="contextLoads" classname="com.example.produtosapi.ProdutosapiApplicationTests" time="2.785">
    <system-out><![CDATA[23:41:56.618 [main] INFO org.springframework.test.context.support.AnnotationConfigContextLoaderUtils -- Could not detect default configuration classes for test class [com.example.produtosapi.ProdutosapiApplicationTests]: ProdutosapiApplicationTests does not declare any static, non-private, non-final, nested classes annotated with @Configuration.
23:41:56.811 [main] INFO org.springframework.boot.test.context.SpringBootTestContextBootstrapper -- Found @SpringBootConfiguration com.example.produtosapi.ProdutosapiApplication for test class com.example.produtosapi.ProdutosapiApplicationTests
23:41:57.265 [main] INFO org.springframework.boot.devtools.restart.RestartApplicationListener -- Restart disabled due to context in which it is running

  .   ____          _            __ _ _
 /\\ / ___'_ __ _ _(_)_ __  __ _ \ \ \ \
( ( )\___ | '_ | '_| | '_ \/ _` | \ \ \ \
 \\/  ___)| |_)| | | | | || (_| |  ) ) ) )
  '  |____| .__|_| |_|_| |_\__, | / / / /
 =========|_|==============|___/=/_/_/_/

 :: Spring Boot ::                (v4.0.3)

2026-02-21T23:41:58.164-03:00  INFO 13944 --- [produtosapi] [           main] c.e.p.ProdutosapiApplicationTests        : Starting ProdutosapiApplicationTests using Java 25.0.2 with PID 13944 (started by luiss in C:\Projetos JAVA\produtosapi)
2026-02-21T23:41:58.168-03:00  INFO 13944 --- [produtosapi] [           main] c.e.p.ProdutosapiApplicationTests        : No active profile set, falling back to 1 default profile: "default"
2026-02-21T23:42:00.748-03:00  INFO 13944 --- [produtosapi] [           main] .s.d.r.c.RepositoryConfigurationDelegate : Bootstrapping Spring Data JPA repositories in DEFAULT mode.
2026-02-21T23:42:00.780-03:00  INFO 13944 --- [produtosapi] [           main] .s.d.r.c.RepositoryConfigurationDelegate : Finished Spring Data repository scanning in 16 ms. Found 0 JPA repository interfaces.
2026-02-21T23:42:01.776-03:00  INFO 13944 --- [produtosapi] [           main] com.zaxxer.hikari.HikariDataSource       : HikariPool-1 - Starting...
2026-02-21T23:42:02.622-03:00  INFO 13944 --- [produtosapi] [           main] com.zaxxer.hikari.pool.HikariPool        : HikariPool-1 - Added connection conn0: url=jdbc:h2:mem:dcfdf65b-796c-4234-be2e-de3787d28cc1 user=SA
2026-02-21T23:42:02.624-03:00  INFO 13944 --- [produtosapi] [           main] com.zaxxer.hikari.HikariDataSource       : HikariPool-1 - Start completed.
2026-02-21T23:42:02.877-03:00  INFO 13944 --- [produtosapi] [           main] org.hibernate.orm.jpa                    : HHH008540: Processing PersistenceUnitInfo [name: default]
2026-02-21T23:42:03.926-03:00  INFO 13944 --- [produtosapi] [           main] org.hibernate.orm.core                   : HHH000001: Hibernate ORM core version 7.2.4.Final
2026-02-21T23:42:08.032-03:00  INFO 13944 --- [produtosapi] [           main] o.s.o.j.p.SpringPersistenceUnitInfo      : No LoadTimeWeaver setup: ignoring JPA class transformer
2026-02-21T23:42:09.546-03:00  INFO 13944 --- [produtosapi] [           main] org.hibernate.orm.connections.pooling    : HHH10001005: Database info:
	Database JDBC URL [jdbc:h2:mem:dcfdf65b-796c-4234-be2e-de3787d28cc1]
	Database driver: H2 JDBC Driver
	Database dialect: H2Dialect
	Database version: 2.4.240
	Default catalog/schema: DCFDF65B-796C-4234-BE2E-DE3787D28CC1/PUBLIC
	Autocommit mode: undefined/unknown
	Isolation level: READ_COMMITTED [default READ_COMMITTED]
	JDBC fetch size: 100
	Pool: DataSourceConnectionProvider
	Minimum pool size: undefined/unknown
	Maximum pool size: undefined/unknown
2026-02-21T23:42:10.727-03:00  INFO 13944 --- [produtosapi] [           main] org.hibernate.orm.core                   : HHH000489: No JTA platform available (set 'hibernate.transaction.jta.platform' to enable JTA platform integration)
2026-02-21T23:42:10.736-03:00  INFO 13944 --- [produtosapi] [           main] j.LocalContainerEntityManagerFactoryBean : Initialized JPA EntityManagerFactory for persistence unit 'default'
2026-02-21T23:42:10.961-03:00  WARN 13944 --- [produtosapi] [           main] JpaBaseConfiguration$JpaWebConfiguration : spring.jpa.open-in-view is enabled by default. Therefore, database queries may be performed during view rendering. Explicitly configure spring.jpa.open-in-view to disable this warning
2026-02-21T23:42:11.765-03:00  INFO 13944 --- [produtosapi] [           main] c.e.p.ProdutosapiApplicationTests        : Started ProdutosapiApplicationTests in 14.515 seconds (process running for 19.466)
]]></system-out>
    <system-err><![CDATA[Mockito is currently self-attaching to enable the inline-mock-maker. This will no longer work in future releases of the JDK. Please add Mockito as an agent to your build as described in Mockito's documentation: https://javadoc.io/doc/org.mockito/mockito-core/latest/org.mockito/org/mockito/Mockito.html#0.3
WARNING: A Java agent has been loaded dynamically (C:\Users\luiss\.m2\repository\net\bytebuddy\byte-buddy-agent\1.17.8\byte-buddy-agent-1.17.8.jar)
WARNING: If a serviceability tool is in use, please run with -XX:+EnableDynamicAgentLoading to hide this warning
WARNING: If a serviceability tool is not in use, please run with -Djdk.instrument.traceUsage for more information
WARNING: Dynamic loading of agents will be disallowed by default in a future release
]]></system-err>
  </testcase>
</testsuite>